0 verbose cli D:\node.js\node.js\node.exe D:\node.js\node.js\node_modules\npm\bin\npm-cli.js
1 info using npm@10.9.2
2 info using node@v22.14.0
3 silly config load:file:D:\node.js\node.js\node_modules\npm\npmrc
4 silly config load:file:D:\DailySpark\mobile-native\.npmrc
5 silly config load:file:D:\DailySpark\mobile-native\temp_home\.npmrc
6 silly config load:file:D:\DailySpark\mobile-native\temp_home\AppData\Roaming\npm\etc\npmrc
7 verbose title npm run android
8 verbose argv "run" "android"
9 verbose logfile logs-max:10 dir:D:\DailySpark\mobile-native\temp_home\AppData\Local\npm-cache\_logs\2026-02-15T15_26_50_332Z-
10 verbose logfile D:\DailySpark\mobile-native\temp_home\AppData\Local\npm-cache\_logs\2026-02-15T15_26_50_332Z-debug-0.log
11 silly logfile done cleaning log files
12 http fetch GET 200 https://registry.npmjs.org/npm 2355ms
13 verbose cwd D:\DailySpark\mobile-native
14 verbose os Windows_NT 10.0.22631
15 verbose node v22.14.0
16 verbose npm  v10.9.2
17 notice
17 notice New [31mmajor[39m version of npm available! [31m10.9.2[39m -> [34m11.10.0[39m
17 notice Changelog: [34mhttps://github.com/npm/cli/releases/tag/v11.10.0[39m
17 notice To update run: [4mnpm install -g npm@11.10.0[24m
17 notice  { force: true, [Symbol(proc-log.meta)]: true }
18 verbose exit 1
19 verbose code 1
